#
# There is insufficient memory for the Java Runtime Environment to continue.
# Native memory allocation (mmap) failed to map 100663296 bytes. Error detail: G1 virtual space
# Possible reasons:
#   The system is out of physical RAM or swap space
#   This process is running with CompressedOops enabled, and the Java Heap may be blocking the growth of the native heap
# Possible solutions:
#   Reduce memory load on the system
#   Increase physical memory or swap space
#   Check if swap backing store is full
#   Decrease Java heap size (-Xmx/-Xms)
#   Decrease number of Java threads
#   Decrease Java thread stack sizes (-Xss)
#   Set larger code cache with -XX:ReservedCodeCacheSize=
#   JVM is running with Unscaled Compressed Oops mode in which the Java heap is
#     placed in the first 4GB address space. The Java Heap base address is the
#     maximum limit for the native heap growth. Please use -XX:HeapBaseMinAddress
#     to set the Java Heap base and to place the Java Heap above 4GB virtual address.
# This output file may be truncated or incomplete.
#
#  Out of Memory Error (os_windows.cpp:3828), pid=12376, tid=9192
#
# JRE version:  (21.0.5) (build )
# Java VM: OpenJDK 64-Bit Server VM (21.0.5+-13047016-b750.29, mixed mode, sharing, tiered, compressed oops, compressed class ptrs, g1 gc, windows-amd64)
# No core dump will be written. Minidumps are not enabled by default on client versions of Windows
#

---------------  S U M M A R Y ------------

Command Line: 

Host: AMD Ryzen 3 3250U with Radeon Graphics         , 4 cores, 5G,  Windows 10 , 64 bit Build 19041 (10.0.19041.5198)
Time: Sun Apr 27 20:04:06 2025 Hora est. Sudamérica Pacífico elapsed time: 0.211934 seconds (0d 0h 0m 0s)

---------------  T H R E A D  ---------------

Current thread (0x0000025c1cecf4e0):  JavaThread "Unknown thread" [_thread_in_vm, id=9192, stack(0x000000aebc900000,0x000000aebca00000) (1024K)]

Stack: [0x000000aebc900000,0x000000aebca00000]
Native frames: (J=compiled Java code, j=interpreted, Vv=VM code, C=native code)
V  [jvm.dll+0x6cfb29]
V  [jvm.dll+0x85df93]
V  [jvm.dll+0x8604ee]
V  [jvm.dll+0x860bd3]
V  [jvm.dll+0x27e6b6]
V  [jvm.dll+0x6cc385]
V  [jvm.dll+0x6c078a]
V  [jvm.dll+0x35525b]
V  [jvm.dll+0x35ceb6]
V  [jvm.dll+0x3aedd6]
V  [jvm.dll+0x3af0a8]
V  [jvm.dll+0x32792c]
V  [jvm.dll+0x32861b]
V  [jvm.dll+0x8259d9]
V  [jvm.dll+0x3bbfa8]
V  [jvm.dll+0x80ec88]
V  [jvm.dll+0x45015e]
V  [jvm.dll+0x4518c1]
C  [jli.dll+0x52ab]
C  [ucrtbase.dll+0x21bb2]
C  [KERNEL32.DLL+0x17374]
C  [ntdll.dll+0x4cc91]


---------------  P R O C E S S  ---------------

Threads class SMR info:
_java_thread_list=0x00007ffa31ce0808, length=0, elements={
}

Java Threads: ( => current thread )
Total: 0

Other Threads:
  0x0000025c1cf12830 WorkerThread "GC Thread#0"                     [id=17204, stack(0x000000aebca00000,0x000000aebcb00000) (1024K)]
  0x0000025c1cf1fe60 ConcurrentGCThread "G1 Main Marker"            [id=18144, stack(0x000000aebcb00000,0x000000aebcc00000) (1024K)]
  0x0000025c1cf21ee0 WorkerThread "G1 Conc#0"                       [id=31136, stack(0x000000aebcc00000,0x000000aebcd00000) (1024K)]

[error occurred during error reporting (printing all threads), id 0xc0000005, EXCEPTION_ACCESS_VIOLATION (0xc0000005) at pc=0x00007ffa314da967]
VM state: not at safepoint (not fully initialized)

VM Mutex/Monitor currently owned by a thread:  ([mutex/lock_event])
[0x00007ffa31d4d460] Heap_lock - owner thread: 0x0000025c1cecf4e0

Heap address: 0x00000000a0e00000, size: 1522 MB, Compressed Oops mode: 32-bit

CDS archive(s) mapped at: [0x0000000000000000-0x0000000000000000-0x0000000000000000), size 0, SharedBaseAddress: 0x0000000800000000, ArchiveRelocationMode: 1.
Narrow klass base: 0x0000000000000000, Narrow klass shift: 0, Narrow klass range: 0x0

GC Precious Log:
 CardTable entry size: 512
 Card Set container configuration: InlinePtr #cards 5 size 8 Array Of Cards #cards 12 size 40 Howl #buckets 4 coarsen threshold 1843 Howl Bitmap #cards 512 size 80 coarsen threshold 460 Card regions per heap region 1 cards per card region 2048

Heap:
 garbage-first heap   total 0K, used 0K [0x00000000a0e00000, 0x0000000100000000)
  region size 1024K, 0 young (0K), 0 survivors (0K)
 Metaspace       used 0K, committed 0K, reserved 0K
  class space    used 0K, committed 0K, reserved 0K

Heap Regions: E=young(eden), S=young(survivor), O=old, HS=humongous(starts), HC=humongous(continues), CS=collection set, F=free, TAMS=top-at-mark-start, PB=parsable bottom

Card table byte_map: [0x0000025c31120000,0x0000025c31420000] _byte_map_base: 0x0000025c30c19000

Marking Bits: (CMBitMap*) 0x0000025c1cf12f30
 Bits: [0x0000025c31420000, 0x0000025c32be8000)

GC Heap History (0 events):
No events

Dll operation events (1 events):
Event: 0.058 Loaded shared library C:\Program Files\Android\Android Studio\jbr\bin\java.dll

Deoptimization events (0 events):
No events

Classes loaded (0 events):
No events

Classes unloaded (0 events):
No events

Classes redefined (0 events):
No events

Internal exceptions (0 events):
No events

ZGC Phase Switch (0 events):
No events

VM Operations (0 events):
No events

Memory protections (0 events):
No events

Nmethod flushes (0 events):
No events

Events (0 events):
No events


Dynamic libraries:
0x00007ff64ba00000 - 0x00007ff64ba0a000 	C:\Program Files\Android\Android Studio\jbr\bin\java.EXE
0x00007ffaaccd0000 - 0x00007ffaacec8000 	C:\Windows\SYSTEM32\ntdll.dll
0x00007ffaac3c0000 - 0x00007ffaac482000 	C:\Windows\System32\KERNEL32.DLL
0x00007ffaaa630000 - 0x00007ffaaa92e000 	C:\Windows\System32\KERNELBASE.dll
0x00007ffaa65b0000 - 0x00007ffaa6644000 	C:\Windows\SYSTEM32\apphelp.dll
0x00007ffaaa370000 - 0x00007ffaaa470000 	C:\Windows\System32\ucrtbase.dll
0x00007ffa90230000 - 0x00007ffa90248000 	C:\Program Files\Android\Android Studio\jbr\bin\jli.dll
0x00007ffaac5c0000 - 0x00007ffaac75d000 	C:\Windows\System32\USER32.dll
0x00007ffaaa470000 - 0x00007ffaaa492000 	C:\Windows\System32\win32u.dll
0x00007ffaac760000 - 0x00007ffaac78b000 	C:\Windows\System32\GDI32.dll
0x00007ffaaaad0000 - 0x00007ffaaabe7000 	C:\Windows\System32\gdi32full.dll
0x00007ffaaaa30000 - 0x00007ffaaaacd000 	C:\Windows\System32\msvcp_win.dll
0x00007ffa90210000 - 0x00007ffa9022b000 	C:\Program Files\Android\Android Studio\jbr\bin\VCRUNTIME140.dll
0x00007ffa8e8c0000 - 0x00007ffa8eb5a000 	C:\Windows\WinSxS\amd64_microsoft.windows.common-controls_6595b64144ccf1df_6.0.19041.4355_none_60b8b9eb71f62e16\COMCTL32.dll
0x00007ffaabc30000 - 0x00007ffaabcce000 	C:\Windows\System32\msvcrt.dll
0x00007ffaac090000 - 0x00007ffaac0bf000 	C:\Windows\System32\IMM32.DLL
0x00007ffa98f80000 - 0x00007ffa98f8c000 	C:\Program Files\Android\Android Studio\jbr\bin\vcruntime140_1.dll
0x00007ffa5db70000 - 0x00007ffa5dbfd000 	C:\Program Files\Android\Android Studio\jbr\bin\msvcp140.dll
0x00007ffa311a0000 - 0x00007ffa31e2a000 	C:\Program Files\Android\Android Studio\jbr\bin\server\jvm.dll
0x00007ffaab4c0000 - 0x00007ffaab571000 	C:\Windows\System32\ADVAPI32.dll
0x00007ffaac320000 - 0x00007ffaac3bf000 	C:\Windows\System32\sechost.dll
0x00007ffaac490000 - 0x00007ffaac5b3000 	C:\Windows\System32\RPCRT4.dll
0x00007ffaaa600000 - 0x00007ffaaa627000 	C:\Windows\System32\bcrypt.dll
0x00007ffaabea0000 - 0x00007ffaabf0b000 	C:\Windows\System32\WS2_32.dll
0x00007ffaaa120000 - 0x00007ffaaa16b000 	C:\Windows\SYSTEM32\POWRPROF.dll
0x00007ffaa6c20000 - 0x00007ffaa6c47000 	C:\Windows\SYSTEM32\WINMM.dll
0x00007ffa9efc0000 - 0x00007ffa9efca000 	C:\Windows\SYSTEM32\VERSION.dll
0x00007ffaaa100000 - 0x00007ffaaa112000 	C:\Windows\SYSTEM32\UMPDC.dll
0x00007ffaa8b40000 - 0x00007ffaa8b52000 	C:\Windows\SYSTEM32\kernel.appcore.dll
0x00007ffa98050000 - 0x00007ffa9805a000 	C:\Program Files\Android\Android Studio\jbr\bin\jimage.dll
0x00007ffaa7d70000 - 0x00007ffaa7f54000 	C:\Windows\SYSTEM32\DBGHELP.DLL
0x00007ffaa6be0000 - 0x00007ffaa6c14000 	C:\Windows\SYSTEM32\dbgcore.DLL
0x00007ffaaa930000 - 0x00007ffaaa9b2000 	C:\Windows\System32\bcryptPrimitives.dll
0x00007ffa8c0c0000 - 0x00007ffa8c0e0000 	C:\Program Files\Android\Android Studio\jbr\bin\java.dll

dbghelp: loaded successfully - version: 4.0.5 - missing functions: none
symbol engine: initialized successfully - sym options: 0x614 - pdb path: .;C:\Program Files\Android\Android Studio\jbr\bin;C:\Windows\SYSTEM32;C:\Windows\WinSxS\amd64_microsoft.windows.common-controls_6595b64144ccf1df_6.0.19041.4355_none_60b8b9eb71f62e16;C:\Program Files\Android\Android Studio\jbr\bin\server

VM Arguments:
java_command: <unknown>
java_class_path (initial): <not set>
Launcher Type: SUN_STANDARD

[Global flags]
     intx CICompilerCount                          = 3                                         {product} {ergonomic}
     uint ConcGCThreads                            = 1                                         {product} {ergonomic}
     uint G1ConcRefinementThreads                  = 4                                         {product} {ergonomic}
   size_t G1HeapRegionSize                         = 1048576                                   {product} {ergonomic}
    uintx GCDrainStackTargetSize                   = 64                                        {product} {ergonomic}
   size_t InitialHeapSize                          = 100663296                                 {product} {ergonomic}
   size_t MarkStackSize                            = 4194304                                   {product} {ergonomic}
   size_t MaxHeapSize                              = 1595932672                                {product} {ergonomic}
   size_t MinHeapDeltaBytes                        = 1048576                                   {product} {ergonomic}
   size_t MinHeapSize                              = 8388608                                   {product} {ergonomic}
    uintx NonNMethodCodeHeapSize                   = 5832780                                {pd product} {ergonomic}
    uintx NonProfiledCodeHeapSize                  = 122912730                              {pd product} {ergonomic}
    uintx ProfiledCodeHeapSize                     = 122912730                              {pd product} {ergonomic}
    uintx ReservedCodeCacheSize                    = 251658240                              {pd product} {ergonomic}
     bool SegmentedCodeCache                       = true                                      {product} {ergonomic}
   size_t SoftMaxHeapSize                          = 1595932672                             {manageable} {ergonomic}
     bool UseCompressedOops                        = true                           {product lp64_product} {ergonomic}
     bool UseG1GC                                  = true                                      {product} {ergonomic}
     bool UseLargePagesIndividualAllocation        = false                                  {pd product} {ergonomic}

Logging:
Log output configuration:
 #0: stdout all=warning uptime,level,tags foldmultilines=false
 #1: stderr all=off uptime,level,tags foldmultilines=false

Environment Variables:
JAVA_HOME=C:\Program Files\Android\Android Studio\jbr
PATH=C:\Program Files\Android\Android Studio\jbr\bin;C:\Windows\system32;C:\Windows;C:\Windows\System32\Wbem;C:\Windows\System32\WindowsPowerShell\v1.0\;C:\Windows\System32\OpenSSH\;C:\HaxeToolkit\haxe;C:\HaxeToolkit\neko;C:\Program Files\Git\cmd;C:\Program Files\dotnet\;C:\Program Files (x86)\Windows Kits\10\Windows Performance Toolkit\;C:\Users\visho\AppData\Local\Microsoft\WindowsApps;C:\Users\visho\AppData\Local\Programs\Microsoft VS Code\bin;C:\Users\visho\AppData\Local\GitHubDesktop\bin;C:\Users\visho\.dotnet\tools;C:\Users\visho\Documents\GitHub\flutter_application_2\lib\pages\flutter\bin
USERNAME=visho
OS=Windows_NT
PROCESSOR_IDENTIFIER=AMD64 Family 23 Model 24 Stepping 1, AuthenticAMD
TMP=C:\Users\visho\AppData\Local\Temp
TEMP=C:\Users\visho\AppData\Local\Temp




Periodic native trim disabled

JNI global refs:
JNI global refs: 0, weak refs: 0

JNI global refs memory usage: 0, weak refs: 0

Process memory usage:
Resident Set Size: 10932K (0% of 6226860K total physical memory with 288436K free physical memory)

OOME stack traces (most recent first):
Classloader memory used:

---------------  S Y S T E M  ---------------

OS:
 Windows 10 , 64 bit Build 19041 (10.0.19041.5198)
OS uptime: 109 days 21:12 hours
Hyper-V role detected

CPU: total 4 (initial active 4) (4 cores per cpu, 2 threads per core) family 23 model 24 stepping 1 microcode 0x0, cx8, cmov, fxsr, ht, mmx, 3dnowpref, sse, sse2, sse3, ssse3, sse4a, sse4.1, sse4.2, popcnt, lzcnt, tsc, tscinvbit, avx, avx2, aes, clmul, bmi1, bmi2, adx, sha, fma, vzeroupper, clflush, clflushopt, hv, rdtscp, f16c
Processor Information for all 4 processors :
  Max Mhz: 2600, Current Mhz: 2600, Mhz Limit: 2600

Memory: 4k page, system-wide physical 6080M (281M free)
TotalPageFile size 24512M (AvailPageFile size 41M)
current process WorkingSet (physical memory assigned to process): 10M, peak: 10M
current process commit charge ("private bytes"): 51M, peak: 147M

vm_info: OpenJDK 64-Bit Server VM (21.0.5+-13047016-b750.29) for windows-amd64 JRE (21.0.5+-13047016-b750.29), built on 2025-02-11T21:12:39Z by "builder" with MS VC++ 16.10 / 16.11 (VS2019)

END.
